#
# There is insufficient memory for the Java Runtime Environment to continue.
# Native memory allocation (malloc) failed to allocate 131536 bytes for Chunk::new
# Possible reasons:
#   The system is out of physical RAM or swap space
#   The process is running with CompressedOops enabled, and the Java Heap may be blocking the growth of the native heap
# Possible solutions:
#   Reduce memory load on the system
#   Increase physical memory or swap space
#   Check if swap backing store is full
#   Decrease Java heap size (-Xmx/-Xms)
#   Decrease number of Java threads
#   Decrease Java thread stack sizes (-Xss)
#   Set larger code cache with -XX:ReservedCodeCacheSize=
#   JVM is running with Zero Based Compressed Oops mode in which the Java heap is
#     placed in the first 32GB address space. The Java Heap base address is the
#     maximum limit for the native heap growth. Please use -XX:HeapBaseMinAddress
#     to set the Java Heap base and to place the Java Heap above 32GB virtual address.
# This output file may be truncated or incomplete.
#
#  Out of Memory Error (./src/hotspot/share/memory/arena.cpp:197), pid=12696, tid=8984
#
# JRE version: OpenJDK Runtime Environment (11.0.11+9) (build 11.0.11+9-b60-7590822)
# Java VM: OpenJDK 64-Bit Server VM (11.0.11+9-b60-7590822, mixed mode, tiered, compressed oops, g1 gc, windows-amd64)
# No core dump will be written. Minidumps are not enabled by default on client versions of Windows
#

---------------  S U M M A R Y ------------

Command Line: -Dorg.gradle.appname=gradlew org.gradle.wrapper.GradleWrapperMain -q -Ptarget-platform=android-x64 -Ptarget=C:\Users\AN515-43\Downloads\app-flutter-hotel-booking-main\lib\main.dart -Pbase-application-name=android.app.Application -Pdart-defines=Zmx1dHRlci5pbnNwZWN0b3Iuc3RydWN0dXJlZEVycm9ycz10cnVl,RkxVVFRFUl9XRUJfQVVUT19ERVRFQ1Q9dHJ1ZQ== -Pdart-obfuscation=false -Ptrack-widget-creation=true -Ptree-shake-icons=false -Pfilesystem-scheme=org-dartlang-root assembleDebug

Host: AMD Ryzen 5 3550H with Radeon Vega Mobile Gfx  , 8 cores, 13G,  Windows 10 , 64 bit Build 22000 (10.0.22000.434)
Time: Fri Mar 25 16:02:38 2022 SE Asia Standard Time elapsed time: 13.950753 seconds (0d 0h 0m 13s)

---------------  T H R E A D  ---------------

Current thread (0x00000207ab667000):  JavaThread "C2 CompilerThread0" daemon [_thread_in_native, id=8984, stack(0x000000e977c00000,0x000000e977d00000)]


Current CompileTask:
C2:  13950 1230       4       java.io.DataInputStream::readUTF (501 bytes)

Stack: [0x000000e977c00000,0x000000e977d00000]
Native frames: (J=compiled Java code, j=interpreted, Vv=VM code, C=native code)
V  [jvm.dll+0x5f214a]
V  [jvm.dll+0x726fb5]
V  [jvm.dll+0x7285cd]
V  [jvm.dll+0x728c83]
V  [jvm.dll+0x243278]
V  [jvm.dll+0xbc53c]
V  [jvm.dll+0xbca3c]
V  [jvm.dll+0x2b5c34]
V  [jvm.dll+0x508488]
V  [jvm.dll+0x203d53]
V  [jvm.dll+0x1fdbac]
V  [jvm.dll+0x1fb35f]
V  [jvm.dll+0x183d6c]
V  [jvm.dll+0x209a57]
V  [jvm.dll+0x2082a1]
V  [jvm.dll+0x6ef58f]
V  [jvm.dll+0x6e80b5]
V  [jvm.dll+0x5f1036]
C  [ucrtbase.dll+0x26c0c]
C  [KERNEL32.DLL+0x154e0]
C  [ntdll.dll+0x485b]


---------------  P R O C E S S  ---------------

Threads class SMR info:
_java_thread_list=0x00000207acba6c30, length=10, elements={
0x000002078cf92000, 0x00000207ab643000, 0x00000207ab644800, 0x00000207ab660800,
0x00000207ab662800, 0x00000207ab665800, 0x00000207ab667000, 0x00000207ab6b8000,
0x00000207ab6ca000, 0x00000207ab823000
}

Java Threads: ( => current thread )
  0x000002078cf92000 JavaThread "main" [_thread_blocked, id=22992, stack(0x000000e977000000,0x000000e977100000)]
  0x00000207ab643000 JavaThread "Reference Handler" daemon [_thread_blocked, id=21864, stack(0x000000e977700000,0x000000e977800000)]
  0x00000207ab644800 JavaThread "Finalizer" daemon [_thread_blocked, id=21888, stack(0x000000e977800000,0x000000e977900000)]
  0x00000207ab660800 JavaThread "Signal Dispatcher" daemon [_thread_blocked, id=20888, stack(0x000000e977900000,0x000000e977a00000)]
  0x00000207ab662800 JavaThread "Attach Listener" daemon [_thread_blocked, id=8796, stack(0x000000e977a00000,0x000000e977b00000)]
  0x00000207ab665800 JavaThread "Service Thread" daemon [_thread_blocked, id=23176, stack(0x000000e977b00000,0x000000e977c00000)]
=>0x00000207ab667000 JavaThread "C2 CompilerThread0" daemon [_thread_in_native, id=8984, stack(0x000000e977c00000,0x000000e977d00000)]
  0x00000207ab6b8000 JavaThread "C1 CompilerThread0" daemon [_thread_blocked, id=11312, stack(0x000000e977d00000,0x000000e977e00000)]
  0x00000207ab6ca000 JavaThread "Sweeper thread" daemon [_thread_blocked, id=19804, stack(0x000000e977e00000,0x000000e977f00000)]
  0x00000207ab823000 JavaThread "Common-Cleaner" daemon [_thread_blocked, id=12384, stack(0x000000e978000000,0x000000e978100000)]

Other Threads:
  0x00000207ab61c000 VMThread "VM Thread" [stack: 0x000000e977600000,0x000000e977700000] [id=15008]
  0x00000207ab81a800 WatcherThread [stack: 0x000000e977f00000,0x000000e978000000] [id=20300]
  0x000002078cfa8800 GCTaskThread "GC Thread#0" [stack: 0x000000e977100000,0x000000e977200000] [id=21544]
  0x00000207acb29000 GCTaskThread "GC Thread#1" [stack: 0x000000e978400000,0x000000e978500000] [id=20412]
  0x00000207acb2a000 GCTaskThread "GC Thread#2" [stack: 0x000000e978500000,0x000000e978600000] [id=1924]
  0x00000207ac5b7800 GCTaskThread "GC Thread#3" [stack: 0x000000e978600000,0x000000e978700000] [id=22576]
  0x00000207ac5b8000 GCTaskThread "GC Thread#4" [stack: 0x000000e978700000,0x000000e978800000] [id=21756]
  0x000002078cffa800 ConcurrentGCThread "G1 Main Marker" [stack: 0x000000e977200000,0x000000e977300000] [id=16768]
  0x000002078cffe000 ConcurrentGCThread "G1 Conc#0" [stack: 0x000000e977300000,0x000000e977400000] [id=20724]
  0x000002078d06e000 ConcurrentGCThread "G1 Refine#0" [stack: 0x000000e977400000,0x000000e977500000] [id=14420]
  0x00000207aac84000 ConcurrentGCThread "G1 Young RemSet Sampling" [stack: 0x000000e977500000,0x000000e977600000] [id=20296]

Threads with active compile tasks:
C2 CompilerThread0  13987 1230       4       java.io.DataInputStream::readUTF (501 bytes)

VM state:not at safepoint (normal execution)

VM Mutex/Monitor currently owned by a thread: None

Heap address: 0x0000000720e00000, size: 3570 MB, Compressed Oops mode: Zero based, Oop shift amount: 3
Narrow klass base: 0x0000000800000000, Narrow klass shift: 0
Compressed class space size: 1073741824 Address: 0x0000000800000000

Heap:
 garbage-first heap   total 229376K, used 25413K [0x0000000720e00000, 0x0000000800000000)
  region size 1024K, 20 young (20480K), 3 survivors (3072K)
 Metaspace       used 15827K, capacity 16086K, committed 16384K, reserved 1062912K
  class space    used 1807K, capacity 1941K, committed 2048K, reserved 1048576K
Heap Regions: E=young(eden), S=young(survivor), O=old, HS=humongous(starts), HC=humongous(continues), CS=collection set, F=free, A=archive, TAMS=top-at-mark-start (previous, next)
|   0|0x0000000720e00000, 0x0000000720e00000, 0x0000000720f00000|  0%| F|  |TAMS 0x0000000720e00000, 0x0000000720e00000| Untracked 
|   1|0x0000000720f00000, 0x0000000720f00000, 0x0000000721000000|  0%| F|  |TAMS 0x0000000720f00000, 0x0000000720f00000| Untracked 
|   2|0x0000000721000000, 0x0000000721000000, 0x0000000721100000|  0%| F|  |TAMS 0x0000000721000000, 0x0000000721000000| Untracked 
|   3|0x0000000721100000, 0x0000000721200000, 0x0000000721200000|100%|HS|  |TAMS 0x0000000721100000, 0x0000000721100000| Complete 
|   4|0x0000000721200000, 0x0000000721300000, 0x0000000721300000|100%|HC|  |TAMS 0x0000000721200000, 0x0000000721200000| Complete 
|   5|0x0000000721300000, 0x0000000721400000, 0x0000000721400000|100%|HC|  |TAMS 0x0000000721300000, 0x0000000721300000| Complete 
|   6|0x0000000721400000, 0x0000000721500000, 0x0000000721500000|100%| O|  |TAMS 0x0000000721400000, 0x0000000721400000| Untracked 
|   7|0x0000000721500000, 0x0000000721600000, 0x0000000721600000|100%| O|  |TAMS 0x0000000721500000, 0x0000000721500000| Untracked 
|   8|0x0000000721600000, 0x00000007216d1400, 0x0000000721700000| 81%| O|  |TAMS 0x0000000721600000, 0x0000000721600000| Untracked 
|   9|0x0000000721700000, 0x0000000721700000, 0x0000000721800000|  0%| F|  |TAMS 0x0000000721700000, 0x0000000721700000| Untracked 
|  10|0x0000000721800000, 0x0000000721800000, 0x0000000721900000|  0%| F|  |TAMS 0x0000000721800000, 0x0000000721800000| Untracked 
|  11|0x0000000721900000, 0x0000000721900000, 0x0000000721a00000|  0%| F|  |TAMS 0x0000000721900000, 0x0000000721900000| Untracked 
|  12|0x0000000721a00000, 0x0000000721a00000, 0x0000000721b00000|  0%| F|  |TAMS 0x0000000721a00000, 0x0000000721a00000| Untracked 
|  13|0x0000000721b00000, 0x0000000721b00000, 0x0000000721c00000|  0%| F|  |TAMS 0x0000000721b00000, 0x0000000721b00000| Untracked 
|  14|0x0000000721c00000, 0x0000000721c00000, 0x0000000721d00000|  0%| F|  |TAMS 0x0000000721c00000, 0x0000000721c00000| Untracked 
|  15|0x0000000721d00000, 0x0000000721d00000, 0x0000000721e00000|  0%| F|  |TAMS 0x0000000721d00000, 0x0000000721d00000| Untracked 
|  16|0x0000000721e00000, 0x0000000721e00000, 0x0000000721f00000|  0%| F|  |TAMS 0x0000000721e00000, 0x0000000721e00000| Untracked 
|  17|0x0000000721f00000, 0x0000000721f00000, 0x0000000722000000|  0%| F|  |TAMS 0x0000000721f00000, 0x0000000721f00000| Untracked 
|  18|0x0000000722000000, 0x0000000722000000, 0x0000000722100000|  0%| F|  |TAMS 0x0000000722000000, 0x0000000722000000| Untracked 
|  19|0x0000000722100000, 0x0000000722100000, 0x0000000722200000|  0%| F|  |TAMS 0x0000000722100000, 0x0000000722100000| Untracked 
|  20|0x0000000722200000, 0x0000000722200000, 0x0000000722300000|  0%| F|  |TAMS 0x0000000722200000, 0x0000000722200000| Untracked 
|  21|0x0000000722300000, 0x0000000722300000, 0x0000000722400000|  0%| F|  |TAMS 0x0000000722300000, 0x0000000722300000| Untracked 
|  22|0x0000000722400000, 0x0000000722400000, 0x0000000722500000|  0%| F|  |TAMS 0x0000000722400000, 0x0000000722400000| Untracked 
|  23|0x0000000722500000, 0x0000000722500000, 0x0000000722600000|  0%| F|  |TAMS 0x0000000722500000, 0x0000000722500000| Untracked 
|  24|0x0000000722600000, 0x0000000722600000, 0x0000000722700000|  0%| F|  |TAMS 0x0000000722600000, 0x0000000722600000| Untracked 
|  25|0x0000000722700000, 0x0000000722700000, 0x0000000722800000|  0%| F|  |TAMS 0x0000000722700000, 0x0000000722700000| Untracked 
|  26|0x0000000722800000, 0x0000000722800000, 0x0000000722900000|  0%| F|  |TAMS 0x0000000722800000, 0x0000000722800000| Untracked 
|  27|0x0000000722900000, 0x0000000722900000, 0x0000000722a00000|  0%| F|  |TAMS 0x0000000722900000, 0x0000000722900000| Untracked 
|  28|0x0000000722a00000, 0x0000000722a00000, 0x0000000722b00000|  0%| F|  |TAMS 0x0000000722a00000, 0x0000000722a00000| Untracked 
|  29|0x0000000722b00000, 0x0000000722b00000, 0x0000000722c00000|  0%| F|  |TAMS 0x0000000722b00000, 0x0000000722b00000| Untracked 
|  30|0x0000000722c00000, 0x0000000722c00000, 0x0000000722d00000|  0%| F|  |TAMS 0x0000000722c00000, 0x0000000722c00000| Untracked 
|  31|0x0000000722d00000, 0x0000000722d00000, 0x0000000722e00000|  0%| F|  |TAMS 0x0000000722d00000, 0x0000000722d00000| Untracked 
|  32|0x0000000722e00000, 0x0000000722e00000, 0x0000000722f00000|  0%| F|  |TAMS 0x0000000722e00000, 0x0000000722e00000| Untracked 
|  33|0x0000000722f00000, 0x0000000722f00000, 0x0000000723000000|  0%| F|  |TAMS 0x0000000722f00000, 0x0000000722f00000| Untracked 
|  34|0x0000000723000000, 0x0000000723000000, 0x0000000723100000|  0%| F|  |TAMS 0x0000000723000000, 0x0000000723000000| Untracked 
|  35|0x0000000723100000, 0x0000000723100000, 0x0000000723200000|  0%| F|  |TAMS 0x0000000723100000, 0x0000000723100000| Untracked 
|  36|0x0000000723200000, 0x0000000723200000, 0x0000000723300000|  0%| F|  |TAMS 0x0000000723200000, 0x0000000723200000| Untracked 
|  37|0x0000000723300000, 0x0000000723300000, 0x0000000723400000|  0%| F|  |TAMS 0x0000000723300000, 0x0000000723300000| Untracked 
|  38|0x0000000723400000, 0x0000000723400000, 0x0000000723500000|  0%| F|  |TAMS 0x0000000723400000, 0x0000000723400000| Untracked 
|  39|0x0000000723500000, 0x0000000723500000, 0x0000000723600000|  0%| F|  |TAMS 0x0000000723500000, 0x0000000723500000| Untracked 
|  40|0x0000000723600000, 0x0000000723600000, 0x0000000723700000|  0%| F|  |TAMS 0x0000000723600000, 0x0000000723600000| Untracked 
|  41|0x0000000723700000, 0x0000000723700000, 0x0000000723800000|  0%| F|  |TAMS 0x0000000723700000, 0x0000000723700000| Untracked 
|  42|0x0000000723800000, 0x0000000723800000, 0x0000000723900000|  0%| F|  |TAMS 0x0000000723800000, 0x0000000723800000| Untracked 
|  43|0x0000000723900000, 0x0000000723900000, 0x0000000723a00000|  0%| F|  |TAMS 0x0000000723900000, 0x0000000723900000| Untracked 
|  44|0x0000000723a00000, 0x0000000723a00000, 0x0000000723b00000|  0%| F|  |TAMS 0x0000000723a00000, 0x0000000723a00000| Untracked 
|  45|0x0000000723b00000, 0x0000000723b00000, 0x0000000723c00000|  0%| F|  |TAMS 0x0000000723b00000, 0x0000000723b00000| Untracked 
|  46|0x0000000723c00000, 0x0000000723c00000, 0x0000000723d00000|  0%| F|  |TAMS 0x0000000723c00000, 0x0000000723c00000| Untracked 
|  47|0x0000000723d00000, 0x0000000723d00000, 0x0000000723e00000|  0%| F|  |TAMS 0x0000000723d00000, 0x0000000723d00000| Untracked 
|  48|0x0000000723e00000, 0x0000000723e00000, 0x0000000723f00000|  0%| F|  |TAMS 0x0000000723e00000, 0x0000000723e00000| Untracked 
|  49|0x0000000723f00000, 0x0000000723f00000, 0x0000000724000000|  0%| F|  |TAMS 0x0000000723f00000, 0x0000000723f00000| Untracked 
|  50|0x0000000724000000, 0x0000000724000000, 0x0000000724100000|  0%| F|  |TAMS 0x0000000724000000, 0x0000000724000000| Untracked 
|  51|0x0000000724100000, 0x0000000724100000, 0x0000000724200000|  0%| F|  |TAMS 0x0000000724100000, 0x0000000724100000| Untracked 
|  52|0x0000000724200000, 0x0000000724200000, 0x0000000724300000|  0%| F|  |TAMS 0x0000000724200000, 0x0000000724200000| Untracked 
|  53|0x0000000724300000, 0x0000000724300000, 0x0000000724400000|  0%| F|  |TAMS 0x0000000724300000, 0x0000000724300000| Untracked 
|  54|0x0000000724400000, 0x0000000724400000, 0x0000000724500000|  0%| F|  |TAMS 0x0000000724400000, 0x0000000724400000| Untracked 
|  55|0x0000000724500000, 0x0000000724500000, 0x0000000724600000|  0%| F|  |TAMS 0x0000000724500000, 0x0000000724500000| Untracked 
|  56|0x0000000724600000, 0x0000000724600000, 0x0000000724700000|  0%| F|  |TAMS 0x0000000724600000, 0x0000000724600000| Untracked 
|  57|0x0000000724700000, 0x0000000724700000, 0x0000000724800000|  0%| F|  |TAMS 0x0000000724700000, 0x0000000724700000| Untracked 
|  58|0x0000000724800000, 0x0000000724800000, 0x0000000724900000|  0%| F|  |TAMS 0x0000000724800000, 0x0000000724800000| Untracked 
|  59|0x0000000724900000, 0x0000000724900000, 0x0000000724a00000|  0%| F|  |TAMS 0x0000000724900000, 0x0000000724900000| Untracked 
|  60|0x0000000724a00000, 0x0000000724a00000, 0x0000000724b00000|  0%| F|  |TAMS 0x0000000724a00000, 0x0000000724a00000| Untracked 
|  61|0x0000000724b00000, 0x0000000724b00000, 0x0000000724c00000|  0%| F|  |TAMS 0x0000000724b00000, 0x0000000724b00000| Untracked 
|  62|0x0000000724c00000, 0x0000000724c00000, 0x0000000724d00000|  0%| F|  |TAMS 0x0000000724c00000, 0x0000000724c00000| Untracked 
|  63|0x0000000724d00000, 0x0000000724d00000, 0x0000000724e00000|  0%| F|  |TAMS 0x0000000724d00000, 0x0000000724d00000| Untracked 
|  64|0x0000000724e00000, 0x0000000724e00000, 0x0000000724f00000|  0%| F|  |TAMS 0x0000000724e00000, 0x0000000724e00000| Untracked 
|  65|0x0000000724f00000, 0x0000000724f00000, 0x0000000725000000|  0%| F|  |TAMS 0x0000000724f00000, 0x0000000724f00000| Untracked 
|  66|0x0000000725000000, 0x0000000725000000, 0x0000000725100000|  0%| F|  |TAMS 0x0000000725000000, 0x0000000725000000| Untracked 
|  67|0x0000000725100000, 0x0000000725100000, 0x0000000725200000|  0%| F|  |TAMS 0x0000000725100000, 0x0000000725100000| Untracked 
|  68|0x0000000725200000, 0x0000000725200000, 0x0000000725300000|  0%| F|  |TAMS 0x0000000725200000, 0x0000000725200000| Untracked 
|  69|0x0000000725300000, 0x0000000725300000, 0x0000000725400000|  0%| F|  |TAMS 0x0000000725300000, 0x0000000725300000| Untracked 
|  70|0x0000000725400000, 0x0000000725400000, 0x0000000725500000|  0%| F|  |TAMS 0x0000000725400000, 0x0000000725400000| Untracked 
|  71|0x0000000725500000, 0x0000000725500000, 0x0000000725600000|  0%| F|  |TAMS 0x0000000725500000, 0x0000000725500000| Untracked 
|  72|0x0000000725600000, 0x0000000725600000, 0x0000000725700000|  0%| F|  |TAMS 0x0000000725600000, 0x0000000725600000| Untracked 
|  73|0x0000000725700000, 0x0000000725700000, 0x0000000725800000|  0%| F|  |TAMS 0x0000000725700000, 0x0000000725700000| Untracked 
|  74|0x0000000725800000, 0x0000000725800000, 0x0000000725900000|  0%| F|  |TAMS 0x0000000725800000, 0x0000000725800000| Untracked 
|  75|0x0000000725900000, 0x0000000725900000, 0x0000000725a00000|  0%| F|  |TAMS 0x0000000725900000, 0x0000000725900000| Untracked 
|  76|0x0000000725a00000, 0x0000000725a00000, 0x0000000725b00000|  0%| F|  |TAMS 0x0000000725a00000, 0x0000000725a00000| Untracked 
|  77|0x0000000725b00000, 0x0000000725b00000, 0x0000000725c00000|  0%| F|  |TAMS 0x0000000725b00000, 0x0000000725b00000| Untracked 
|  78|0x0000000725c00000, 0x0000000725c00000, 0x0000000725d00000|  0%| F|  |TAMS 0x0000000725c00000, 0x0000000725c00000| Untracked 
|  79|0x0000000725d00000, 0x0000000725d00000, 0x0000000725e00000|  0%| F|  |TAMS 0x0000000725d00000, 0x0000000725d00000| Untracked 
|  80|0x0000000725e00000, 0x0000000725e00000, 0x0000000725f00000|  0%| F|  |TAMS 0x0000000725e00000, 0x0000000725e00000| Untracked 
|  81|0x0000000725f00000, 0x0000000725f00000, 0x0000000726000000|  0%| F|  |TAMS 0x0000000725f00000, 0x0000000725f00000| Untracked 
|  82|0x0000000726000000, 0x0000000726000000, 0x0000000726100000|  0%| F|  |TAMS 0x0000000726000000, 0x0000000726000000| Untracked 
|  83|0x0000000726100000, 0x0000000726100000, 0x0000000726200000|  0%| F|  |TAMS 0x0000000726100000, 0x0000000726100000| Untracked 
|  84|0x0000000726200000, 0x0000000726200000, 0x0000000726300000|  0%| F|  |TAMS 0x0000000726200000, 0x0000000726200000| Untracked 
|  85|0x0000000726300000, 0x0000000726300000, 0x0000000726400000|  0%| F|  |TAMS 0x0000000726300000, 0x0000000726300000| Untracked 
|  86|0x0000000726400000, 0x0000000726400000, 0x0000000726500000|  0%| F|  |TAMS 0x0000000726400000, 0x0000000726400000| Untracked 
|  87|0x0000000726500000, 0x0000000726500000, 0x0000000726600000|  0%| F|  |TAMS 0x0000000726500000, 0x0000000726500000| Untracked 
|  88|0x0000000726600000, 0x0000000726600000, 0x0000000726700000|  0%| F|  |TAMS 0x0000000726600000, 0x0000000726600000| Untracked 
|  89|0x0000000726700000, 0x0000000726700000, 0x0000000726800000|  0%| F|  |TAMS 0x0000000726700000, 0x0000000726700000| Untracked 
|  90|0x0000000726800000, 0x0000000726800000, 0x0000000726900000|  0%| F|  |TAMS 0x0000000726800000, 0x0000000726800000| Untracked 
|  91|0x0000000726900000, 0x0000000726900000, 0x0000000726a00000|  0%| F|  |TAMS 0x0000000726900000, 0x0000000726900000| Untracked 
|  92|0x0000000726a00000, 0x0000000726a00000, 0x0000000726b00000|  0%| F|  |TAMS 0x0000000726a00000, 0x0000000726a00000| Untracked 
|  93|0x0000000726b00000, 0x0000000726b00000, 0x0000000726c00000|  0%| F|  |TAMS 0x0000000726b00000, 0x0000000726b00000| Untracked 
|  94|0x0000000726c00000, 0x0000000726c00000, 0x0000000726d00000|  0%| F|  |TAMS 0x0000000726c00000, 0x0000000726c00000| Untracked 
|  95|0x0000000726d00000, 0x0000000726d00000, 0x0000000726e00000|  0%| F|  |TAMS 0x0000000726d00000, 0x0000000726d00000| Untracked 
|  96|0x0000000726e00000, 0x0000000726e00000, 0x0000000726f00000|  0%| F|  |TAMS 0x0000000726e00000, 0x0000000726e00000| Untracked 
|  97|0x0000000726f00000, 0x0000000726f00000, 0x0000000727000000|  0%| F|  |TAMS 0x0000000726f00000, 0x0000000726f00000| Untracked 
|  98|0x0000000727000000, 0x0000000727000000, 0x0000000727100000|  0%| F|  |TAMS 0x0000000727000000, 0x0000000727000000| Untracked 
|  99|0x0000000727100000, 0x0000000727100000, 0x0000000727200000|  0%| F|  |TAMS 0x0000000727100000, 0x0000000727100000| Untracked 
| 100|0x0000000727200000, 0x0000000727200000, 0x0000000727300000|  0%| F|  |TAMS 0x0000000727200000, 0x0000000727200000| Untracked 
| 101|0x0000000727300000, 0x0000000727300000, 0x0000000727400000|  0%| F|  |TAMS 0x0000000727300000, 0x0000000727300000| Untracked 
| 102|0x0000000727400000, 0x0000000727400000, 0x0000000727500000|  0%| F|  |TAMS 0x0000000727400000, 0x0000000727400000| Untracked 
| 103|0x0000000727500000, 0x0000000727500000, 0x0000000727600000|  0%| F|  |TAMS 0x0000000727500000, 0x0000000727500000| Untracked 
| 104|0x0000000727600000, 0x0000000727600000, 0x0000000727700000|  0%| F|  |TAMS 0x0000000727600000, 0x0000000727600000| Untracked 
| 105|0x0000000727700000, 0x0000000727700000, 0x0000000727800000|  0%| F|  |TAMS 0x0000000727700000, 0x0000000727700000| Untracked 
| 106|0x0000000727800000, 0x0000000727800000, 0x0000000727900000|  0%| F|  |TAMS 0x0000000727800000, 0x0000000727800000| Untracked 
| 107|0x0000000727900000, 0x0000000727900000, 0x0000000727a00000|  0%| F|  |TAMS 0x0000000727900000, 0x0000000727900000| Untracked 
| 108|0x0000000727a00000, 0x0000000727a00000, 0x0000000727b00000|  0%| F|  |TAMS 0x0000000727a00000, 0x0000000727a00000| Untracked 
| 109|0x0000000727b00000, 0x0000000727b00000, 0x0000000727c00000|  0%| F|  |TAMS 0x0000000727b00000, 0x0000000727b00000| Untracked 
| 110|0x0000000727c00000, 0x0000000727c00000, 0x0000000727d00000|  0%| F|  |TAMS 0x0000000727c00000, 0x0000000727c00000| Untracked 
| 111|0x0000000727d00000, 0x0000000727d00000, 0x0000000727e00000|  0%| F|  |TAMS 0x0000000727d00000, 0x0000000727d00000| Untracked 
| 112|0x0000000727e00000, 0x0000000727e00000, 0x0000000727f00000|  0%| F|  |TAMS 0x0000000727e00000, 0x0000000727e00000| Untracked 
| 113|0x0000000727f00000, 0x0000000727f00000, 0x0000000728000000|  0%| F|  |TAMS 0x0000000727f00000, 0x0000000727f00000| Untracked 
| 114|0x0000000728000000, 0x0000000728000000, 0x0000000728100000|  0%| F|  |TAMS 0x0000000728000000, 0x0000000728000000| Untracked 
| 115|0x0000000728100000, 0x0000000728100000, 0x0000000728200000|  0%| F|  |TAMS 0x0000000728100000, 0x0000000728100000| Untracked 
| 116|0x0000000728200000, 0x0000000728200000, 0x0000000728300000|  0%| F|  |TAMS 0x0000000728200000, 0x0000000728200000| Untracked 
| 117|0x0000000728300000, 0x0000000728300000, 0x0000000728400000|  0%| F|  |TAMS 0x0000000728300000, 0x0000000728300000| Untracked 
| 118|0x0000000728400000, 0x0000000728400000, 0x0000000728500000|  0%| F|  |TAMS 0x0000000728400000, 0x0000000728400000| Untracked 
| 119|0x0000000728500000, 0x0000000728500000, 0x0000000728600000|  0%| F|  |TAMS 0x0000000728500000, 0x0000000728500000| Untracked 
| 120|0x0000000728600000, 0x0000000728600000, 0x0000000728700000|  0%| F|  |TAMS 0x0000000728600000, 0x0000000728600000| Untracked 
| 121|0x0000000728700000, 0x0000000728700000, 0x0000000728800000|  0%| F|  |TAMS 0x0000000728700000, 0x0000000728700000| Untracked 
| 122|0x0000000728800000, 0x0000000728800000, 0x0000000728900000|  0%| F|  |TAMS 0x0000000728800000, 0x0000000728800000| Untracked 
| 123|0x0000000728900000, 0x0000000728900000, 0x0000000728a00000|  0%| F|  |TAMS 0x0000000728900000, 0x0000000728900000| Untracked 
| 124|0x0000000728a00000, 0x0000000728a00000, 0x0000000728b00000|  0%| F|  |TAMS 0x0000000728a00000, 0x0000000728a00000| Untracked 
| 125|0x0000000728b00000, 0x0000000728b00000, 0x0000000728c00000|  0%| F|  |TAMS 0x0000000728b00000, 0x0000000728b00000| Untracked 
| 126|0x0000000728c00000, 0x0000000728c00000, 0x0000000728d00000|  0%| F|  |TAMS 0x0000000728c00000, 0x0000000728c00000| Untracked 
| 127|0x0000000728d00000, 0x0000000728d00000, 0x0000000728e00000|  0%| F|  |TAMS 0x0000000728d00000, 0x0000000728d00000| Untracked 
| 128|0x0000000728e00000, 0x0000000728e00000, 0x0000000728f00000|  0%| F|  |TAMS 0x0000000728e00000, 0x0000000728e00000| Untracked 
| 129|0x0000000728f00000, 0x0000000728f00000, 0x0000000729000000|  0%| F|  |TAMS 0x0000000728f00000, 0x0000000728f00000| Untracked 
| 130|0x0000000729000000, 0x0000000729000000, 0x0000000729100000|  0%| F|  |TAMS 0x0000000729000000, 0x0000000729000000| Untracked 
| 131|0x0000000729100000, 0x0000000729100000, 0x0000000729200000|  0%| F|  |TAMS 0x0000000729100000, 0x0000000729100000| Untracked 
| 132|0x0000000729200000, 0x0000000729200000, 0x0000000729300000|  0%| F|  |TAMS 0x0000000729200000, 0x0000000729200000| Untracked 
| 133|0x0000000729300000, 0x0000000729300000, 0x0000000729400000|  0%| F|  |TAMS 0x0000000729300000, 0x0000000729300000| Untracked 
| 134|0x0000000729400000, 0x0000000729400000, 0x0000000729500000|  0%| F|  |TAMS 0x0000000729400000, 0x0000000729400000| Untracked 
| 135|0x0000000729500000, 0x0000000729500000, 0x0000000729600000|  0%| F|  |TAMS 0x0000000729500000, 0x0000000729500000| Untracked 
| 136|0x0000000729600000, 0x0000000729600000, 0x0000000729700000|  0%| F|  |TAMS 0x0000000729600000, 0x0000000729600000| Untracked 
| 137|0x0000000729700000, 0x0000000729700000, 0x0000000729800000|  0%| F|  |TAMS 0x0000000729700000, 0x0000000729700000| Untracked 
| 138|0x0000000729800000, 0x0000000729800000, 0x0000000729900000|  0%| F|  |TAMS 0x0000000729800000, 0x0000000729800000| Untracked 
| 139|0x0000000729900000, 0x0000000729900000, 0x0000000729a00000|  0%| F|  |TAMS 0x0000000729900000, 0x0000000729900000| Untracked 
| 140|0x0000000729a00000, 0x0000000729a00000, 0x0000000729b00000|  0%| F|  |TAMS 0x0000000729a00000, 0x0000000729a00000| Untracked 
| 141|0x0000000729b00000, 0x0000000729b00000, 0x0000000729c00000|  0%| F|  |TAMS 0x0000000729b00000, 0x0000000729b00000| Untracked 
| 142|0x0000000729c00000, 0x0000000729c00000, 0x0000000729d00000|  0%| F|  |TAMS 0x0000000729c00000, 0x0000000729c00000| Untracked 
| 143|0x0000000729d00000, 0x0000000729d00000, 0x0000000729e00000|  0%| F|  |TAMS 0x0000000729d00000, 0x0000000729d00000| Untracked 
| 144|0x0000000729e00000, 0x0000000729e00000, 0x0000000729f00000|  0%| F|  |TAMS 0x0000000729e00000, 0x0000000729e00000| Untracked 
| 145|0x0000000729f00000, 0x0000000729f00000, 0x000000072a000000|  0%| F|  |TAMS 0x0000000729f00000, 0x0000000729f00000| Untracked 
| 146|0x000000072a000000, 0x000000072a000000, 0x000000072a100000|  0%| F|  |TAMS 0x000000072a000000, 0x000000072a000000| Untracked 
| 147|0x000000072a100000, 0x000000072a100000, 0x000000072a200000|  0%| F|  |TAMS 0x000000072a100000, 0x000000072a100000| Untracked 
| 148|0x000000072a200000, 0x000000072a200000, 0x000000072a300000|  0%| F|  |TAMS 0x000000072a200000, 0x000000072a200000| Untracked 
| 149|0x000000072a300000, 0x000000072a300000, 0x000000072a400000|  0%| F|  |TAMS 0x000000072a300000, 0x000000072a300000| Untracked 
| 150|0x000000072a400000, 0x000000072a400000, 0x000000072a500000|  0%| F|  |TAMS 0x000000072a400000, 0x000000072a400000| Untracked 
| 151|0x000000072a500000, 0x000000072a500000, 0x000000072a600000|  0%| F|  |TAMS 0x000000072a500000, 0x000000072a500000| Untracked 
| 152|0x000000072a600000, 0x000000072a600000, 0x000000072a700000|  0%| F|  |TAMS 0x000000072a600000, 0x000000072a600000| Untracked 
| 153|0x000000072a700000, 0x000000072a700000, 0x000000072a800000|  0%| F|  |TAMS 0x000000072a700000, 0x000000072a700000| Untracked 
| 154|0x000000072a800000, 0x000000072a800000, 0x000000072a900000|  0%| F|  |TAMS 0x000000072a800000, 0x000000072a800000| Untracked 
| 155|0x000000072a900000, 0x000000072a900000, 0x000000072aa00000|  0%| F|  |TAMS 0x000000072a900000, 0x000000072a900000| Untracked 
| 156|0x000000072aa00000, 0x000000072aa00000, 0x000000072ab00000|  0%| F|  |TAMS 0x000000072aa00000, 0x000000072aa00000| Untracked 
| 157|0x000000072ab00000, 0x000000072ab00000, 0x000000072ac00000|  0%| F|  |TAMS 0x000000072ab00000, 0x000000072ab00000| Untracked 
| 158|0x000000072ac00000, 0x000000072ac00000, 0x000000072ad00000|  0%| F|  |TAMS 0x000000072ac00000, 0x000000072ac00000| Untracked 
| 159|0x000000072ad00000, 0x000000072ad00000, 0x000000072ae00000|  0%| F|  |TAMS 0x000000072ad00000, 0x000000072ad00000| Untracked 
| 160|0x000000072ae00000, 0x000000072ae00000, 0x000000072af00000|  0%| F|  |TAMS 0x000000072ae00000, 0x000000072ae00000| Untracked 
| 161|0x000000072af00000, 0x000000072af00000, 0x000000072b000000|  0%| F|  |TAMS 0x000000072af00000, 0x000000072af00000| Untracked 
| 162|0x000000072b000000, 0x000000072b000000, 0x000000072b100000|  0%| F|  |TAMS 0x000000072b000000, 0x000000072b000000| Untracked 
| 163|0x000000072b100000, 0x000000072b100000, 0x000000072b200000|  0%| F|  |TAMS 0x000000072b100000, 0x000000072b100000| Untracked 
| 164|0x000000072b200000, 0x000000072b200000, 0x000000072b300000|  0%| F|  |TAMS 0x000000072b200000, 0x000000072b200000| Untracked 
| 165|0x000000072b300000, 0x000000072b300000, 0x000000072b400000|  0%| F|  |TAMS 0x000000072b300000, 0x000000072b300000| Untracked 
| 166|0x000000072b400000, 0x000000072b400000, 0x000000072b500000|  0%| F|  |TAMS 0x000000072b400000, 0x000000072b400000| Untracked 
| 167|0x000000072b500000, 0x000000072b500000, 0x000000072b600000|  0%| F|  |TAMS 0x000000072b500000, 0x000000072b500000| Untracked 
| 168|0x000000072b600000, 0x000000072b600000, 0x000000072b700000|  0%| F|  |TAMS 0x000000072b600000, 0x000000072b600000| Untracked 
| 169|0x000000072b700000, 0x000000072b700000, 0x000000072b800000|  0%| F|  |TAMS 0x000000072b700000, 0x000000072b700000| Untracked 
| 170|0x000000072b800000, 0x000000072b800000, 0x000000072b900000|  0%| F|  |TAMS 0x000000072b800000, 0x000000072b800000| Untracked 
| 171|0x000000072b900000, 0x000000072b900000, 0x000000072ba00000|  0%| F|  |TAMS 0x000000072b900000, 0x000000072b900000| Untracked 
| 172|0x000000072ba00000, 0x000000072ba00000, 0x000000072bb00000|  0%| F|  |TAMS 0x000000072ba00000, 0x000000072ba00000| Untracked 
| 173|0x000000072bb00000, 0x000000072bb00000, 0x000000072bc00000|  0%| F|  |TAMS 0x000000072bb00000, 0x000000072bb00000| Untracked 
| 174|0x000000072bc00000, 0x000000072bc00000, 0x000000072bd00000|  0%| F|  |TAMS 0x000000072bc00000, 0x000000072bc00000| Untracked 
| 175|0x000000072bd00000, 0x000000072bd00000, 0x000000072be00000|  0%| F|  |TAMS 0x000000072bd00000, 0x000000072bd00000| Untracked 
| 176|0x000000072be00000, 0x000000072be00000, 0x000000072bf00000|  0%| F|  |TAMS 0x000000072be00000, 0x000000072be00000| Untracked 
| 177|0x000000072bf00000, 0x000000072bf00000, 0x000000072c000000|  0%| F|  |TAMS 0x000000072bf00000, 0x000000072bf00000| Untracked 
| 178|0x000000072c000000, 0x000000072c000000, 0x000000072c100000|  0%| F|  |TAMS 0x000000072c000000, 0x000000072c000000| Untracked 
| 179|0x000000072c100000, 0x000000072c100000, 0x000000072c200000|  0%| F|  |TAMS 0x000000072c100000, 0x000000072c100000| Untracked 
| 180|0x000000072c200000, 0x000000072c200000, 0x000000072c300000|  0%| F|  |TAMS 0x000000072c200000, 0x000000072c200000| Untracked 
| 181|0x000000072c300000, 0x000000072c300000, 0x000000072c400000|  0%| F|  |TAMS 0x000000072c300000, 0x000000072c300000| Untracked 
| 182|0x000000072c400000, 0x000000072c400000, 0x000000072c500000|  0%| F|  |TAMS 0x000000072c400000, 0x000000072c400000| Untracked 
| 183|0x000000072c500000, 0x000000072c500000, 0x000000072c600000|  0%| F|  |TAMS 0x000000072c500000, 0x000000072c500000| Untracked 
| 184|0x000000072c600000, 0x000000072c600000, 0x000000072c700000|  0%| F|  |TAMS 0x000000072c600000, 0x000000072c600000| Untracked 
| 185|0x000000072c700000, 0x000000072c700000, 0x000000072c800000|  0%| F|  |TAMS 0x000000072c700000, 0x000000072c700000| Untracked 
| 186|0x000000072c800000, 0x000000072c800000, 0x000000072c900000|  0%| F|  |TAMS 0x000000072c800000, 0x000000072c800000| Untracked 
| 187|0x000000072c900000, 0x000000072c900000, 0x000000072ca00000|  0%| F|  |TAMS 0x000000072c900000, 0x000000072c900000| Untracked 
| 188|0x000000072ca00000, 0x000000072ca00000, 0x000000072cb00000|  0%| F|  |TAMS 0x000000072ca00000, 0x000000072ca00000| Untracked 
| 189|0x000000072cb00000, 0x000000072cb00000, 0x000000072cc00000|  0%| F|  |TAMS 0x000000072cb00000, 0x000000072cb00000| Untracked 
| 190|0x000000072cc00000, 0x000000072cc00000, 0x000000072cd00000|  0%| F|  |TAMS 0x000000072cc00000, 0x000000072cc00000| Untracked 
| 191|0x000000072cd00000, 0x000000072cd00000, 0x000000072ce00000|  0%| F|  |TAMS 0x000000072cd00000, 0x000000072cd00000| Untracked 
| 192|0x000000072ce00000, 0x000000072ce00000, 0x000000072cf00000|  0%| F|  |TAMS 0x000000072ce00000, 0x000000072ce00000| Untracked 
| 193|0x000000072cf00000, 0x000000072cf00000, 0x000000072d000000|  0%| F|  |TAMS 0x000000072cf00000, 0x000000072cf00000| Untracked 
| 194|0x000000072d000000, 0x000000072d000000, 0x000000072d100000|  0%| F|  |TAMS 0x000000072d000000, 0x000000072d000000| Untracked 
| 195|0x000000072d100000, 0x000000072d100000, 0x000000072d200000|  0%| F|  |TAMS 0x000000072d100000, 0x000000072d100000| Untracked 
| 196|0x000000072d200000, 0x000000072d200000, 0x000000072d300000|  0%| F|  |TAMS 0x000000072d200000, 0x000000072d200000| Untracked 
| 197|0x000000072d300000, 0x000000072d400000, 0x000000072d400000|100%| S|CS|TAMS 0x000000072d300000, 0x000000072d300000| Complete 
| 198|0x000000072d400000, 0x000000072d500000, 0x000000072d500000|100%| S|CS|TAMS 0x000000072d400000, 0x000000072d400000| Complete 
| 199|0x000000072d500000, 0x000000072d600000, 0x000000072d600000|100%| S|CS|TAMS 0x000000072d500000, 0x000000072d500000| Complete 
| 200|0x000000072d600000, 0x000000072d600000, 0x000000072d700000|  0%| F|  |TAMS 0x000000072d600000, 0x000000072d600000| Untracked 
| 201|0x000000072d700000, 0x000000072d700000, 0x000000072d800000|  0%| F|  |TAMS 0x000000072d700000, 0x000000072d700000| Untracked 
| 202|0x000000072d800000, 0x000000072d800000, 0x000000072d900000|  0%| F|  |TAMS 0x000000072d800000, 0x000000072d800000| Untracked 
| 203|0x000000072d900000, 0x000000072d900000, 0x000000072da00000|  0%| F|  |TAMS 0x000000072d900000, 0x000000072d900000| Untracked 
| 204|0x000000072da00000, 0x000000072da00000, 0x000000072db00000|  0%| F|  |TAMS 0x000000072da00000, 0x000000072da00000| Untracked 
| 205|0x000000072db00000, 0x000000072db00000, 0x000000072dc00000|  0%| F|  |TAMS 0x000000072db00000, 0x000000072db00000| Untracked 
| 206|0x000000072dc00000, 0x000000072dc00000, 0x000000072dd00000|  0%| F|  |TAMS 0x000000072dc00000, 0x000000072dc00000| Untracked 
| 207|0x000000072dd00000, 0x000000072de00000, 0x000000072de00000|100%| E|  |TAMS 0x000000072dd00000, 0x000000072dd00000| Complete 
| 208|0x000000072de00000, 0x000000072df00000, 0x000000072df00000|100%| E|CS|TAMS 0x000000072de00000, 0x000000072de00000| Complete 
| 209|0x000000072df00000, 0x000000072e000000, 0x000000072e000000|100%| E|CS|TAMS 0x000000072df00000, 0x000000072df00000| Complete 
| 210|0x000000072e000000, 0x000000072e100000, 0x000000072e100000|100%| E|CS|TAMS 0x000000072e000000, 0x000000072e000000| Complete 
| 211|0x000000072e100000, 0x000000072e200000, 0x000000072e200000|100%| E|CS|TAMS 0x000000072e100000, 0x000000072e100000| Complete 
| 212|0x000000072e200000, 0x000000072e300000, 0x000000072e300000|100%| E|CS|TAMS 0x000000072e200000, 0x000000072e200000| Complete 
| 213|0x000000072e300000, 0x000000072e400000, 0x000000072e400000|100%| E|CS|TAMS 0x000000072e300000, 0x000000072e300000| Complete 
| 214|0x000000072e400000, 0x000000072e500000, 0x000000072e500000|100%| E|CS|TAMS 0x000000072e400000, 0x000000072e400000| Complete 
| 215|0x000000072e500000, 0x000000072e600000, 0x000000072e600000|100%| E|CS|TAMS 0x000000072e500000, 0x000000072e500000| Complete 
| 216|0x000000072e600000, 0x000000072e700000, 0x000000072e700000|100%| E|CS|TAMS 0x000000072e600000, 0x000000072e600000| Complete 
| 217|0x000000072e700000, 0x000000072e800000, 0x000000072e800000|100%| E|CS|TAMS 0x000000072e700000, 0x000000072e700000| Complete 
| 218|0x000000072e800000, 0x000000072e900000, 0x000000072e900000|100%| E|CS|TAMS 0x000000072e800000, 0x000000072e800000| Complete 
| 219|0x000000072e900000, 0x000000072ea00000, 0x000000072ea00000|100%| E|CS|TAMS 0x000000072e900000, 0x000000072e900000| Complete 
| 220|0x000000072ea00000, 0x000000072eb00000, 0x000000072eb00000|100%| E|CS|TAMS 0x000000072ea00000, 0x000000072ea00000| Complete 
| 221|0x000000072eb00000, 0x000000072ec00000, 0x000000072ec00000|100%| E|CS|TAMS 0x000000072eb00000, 0x000000072eb00000| Complete 
| 222|0x000000072ec00000, 0x000000072ed00000, 0x000000072ed00000|100%| E|CS|TAMS 0x000000072ec00000, 0x000000072ec00000| Complete 
| 223|0x000000072ed00000, 0x000000072ee00000, 0x000000072ee00000|100%| E|CS|TAMS 0x000000072ed00000, 0x000000072ed00000| Complete 

Card table byte_map: [0x00000207a04c0000,0x00000207a0bc0000] _byte_map_base: 0x000002079cbb9000

Marking Bits (Prev, Next): (CMBitMap*) 0x000002078cfebd08, (CMBitMap*) 0x000002078cfebd40
 Prev Bits: [0x00000207a12c0000, 0x00000207a4a88000)
 Next Bits: [0x00000207a4a90000, 0x00000207a8258000)

Polling page: 0x000002078c770000

Metaspace:

Usage:
  Non-class:     13.81 MB capacity,    13.69 MB (>99%) used,   103.44 KB ( <1%) free+waste,    22.31 KB ( <1%) overhead. 
      Class:      1.90 MB capacity,     1.77 MB ( 93%) used,   122.00 KB (  6%) free+waste,    11.06 KB ( <1%) overhead. 
       Both:     15.71 MB capacity,    15.46 MB ( 98%) used,   225.44 KB (  1%) free+waste,    33.38 KB ( <1%) overhead. 

Virtual space:
  Non-class space:       14.00 MB reserved,      14.00 MB (100%) committed 
      Class space:        1.00 GB reserved,       2.00 MB ( <1%) committed 
             Both:        1.01 GB reserved,      16.00 MB (  2%) committed 

Chunk freelists:
   Non-Class:  3.00 KB
       Class:  11.00 KB
        Both:  14.00 KB

MaxMetaspaceSize: 17179869184.00 GB
CompressedClassSpaceSize: 1.00 GB

CodeHeap 'non-profiled nmethods': size=120000Kb used=442Kb max_used=442Kb free=119557Kb
 bounds [0x0000020798560000, 0x00000207987d0000, 0x000002079fa90000]
CodeHeap 'profiled nmethods': size=120000Kb used=2371Kb max_used=2371Kb free=117628Kb
 bounds [0x0000020791030000, 0x00000207912a0000, 0x0000020798560000]
CodeHeap 'non-nmethods': size=5760Kb used=1115Kb max_used=1126Kb free=4644Kb
 bounds [0x0000020790a90000, 0x0000020790d00000, 0x0000020791030000]
 total_blobs=1688 nmethods=1258 adapters=342
 compilation: enabled
              stopped_count=0, restarted_count=0
 full_count=0

Compilation events (20 events):
Event: 13.930 Thread 0x00000207ab6b8000 nmethod 1228 0x0000020791275c10 code [0x0000020791275dc0, 0x0000020791275f08]
Event: 13.930 Thread 0x00000207ab6b8000 1229       3       java.lang.AbstractStringBuilder::append (55 bytes)
Event: 13.931 Thread 0x00000207ab6b8000 nmethod 1229 0x0000020791275f90 code [0x0000020791276180, 0x00000207912764b8]
Event: 13.938 Thread 0x00000207ab667000 1230       4       java.io.DataInputStream::readUTF (501 bytes)
Event: 13.938 Thread 0x00000207ab6b8000 1231       3       java.io.DataInputStream::readLong (128 bytes)
Event: 13.939 Thread 0x00000207ab6b8000 nmethod 1231 0x0000020791276610 code [0x00000207912767e0, 0x0000020791276ae8]
Event: 13.939 Thread 0x00000207ab6b8000 1232       3       org.gradle.internal.serialize.OutputStreamBackedEncoder::writeString (28 bytes)
Event: 13.940 Thread 0x00000207ab6b8000 nmethod 1232 0x0000020791276c90 code [0x0000020791276e80, 0x0000020791277208]
Event: 13.940 Thread 0x00000207ab6b8000 1233       1       org.gradle.launcher.daemon.registry.DaemonInfo::access$500 (5 bytes)
Event: 13.940 Thread 0x00000207ab6b8000 nmethod 1233 0x00000207985cdc90 code [0x00000207985cde40, 0x00000207985cded8]
Event: 13.944 Thread 0x00000207ab6b8000 1234       3       org.gradle.internal.serialize.InputStreamBackedDecoder::readLong (8 bytes)
Event: 13.945 Thread 0x00000207ab6b8000 nmethod 1234 0x0000020791277390 code [0x0000020791277540, 0x0000020791277688]
Event: 13.945 Thread 0x00000207ab6b8000 1235       3       org.gradle.internal.serialize.InputStreamBackedDecoder::readBoolean (8 bytes)
Event: 13.945 Thread 0x00000207ab6b8000 nmethod 1235 0x0000020791277790 code [0x0000020791277980, 0x0000020791277d38]
Event: 13.945 Thread 0x00000207ab6b8000 1236       3       java.io.DataInputStream::readBoolean (30 bytes)
Event: 13.945 Thread 0x00000207ab6b8000 nmethod 1236 0x0000020791277e90 code [0x0000020791278060, 0x0000020791278398]
Event: 13.945 Thread 0x00000207ab6b8000 1238       3       sun.invoke.util.Wrapper::isSubwordOrInt (20 bytes)
Event: 13.946 Thread 0x00000207ab6b8000 nmethod 1238 0x0000020791278490 code [0x0000020791278660, 0x0000020791278a78]
Event: 13.946 Thread 0x00000207ab6b8000 1239       3       sun.invoke.util.Wrapper::isIntegral (23 bytes)
Event: 13.946 Thread 0x00000207ab6b8000 nmethod 1239 0x0000020791278b90 code [0x0000020791278d40, 0x0000020791278f98]

GC Heap History (2 events):
Event: 2.485 GC heap before
{Heap before GC invocations=0 (full 0):
 garbage-first heap   total 229376K, used 29696K [0x0000000720e00000, 0x0000000800000000)
  region size 1024K, 24 young (24576K), 0 survivors (0K)
 Metaspace       used 11112K, capacity 11368K, committed 11648K, reserved 1058816K
  class space    used 1205K, capacity 1301K, committed 1408K, reserved 1048576K
}
Event: 2.519 GC heap after
{Heap after GC invocations=1 (full 0):
 garbage-first heap   total 229376K, used 9029K [0x0000000720e00000, 0x0000000800000000)
  region size 1024K, 3 young (3072K), 3 survivors (3072K)
 Metaspace       used 11112K, capacity 11368K, committed 11648K, reserved 1058816K
  class space    used 1205K, capacity 1301K, committed 1408K, reserved 1048576K
}

Deoptimization events (20 events):
Event: 6.153 Thread 0x00000207ac1e8800 Uncommon trap: trap_request=0xffffff4d fr.pc=0x0000020798593b04 relative=0x00000000000004c4
Event: 6.153 Thread 0x00000207ac1e8800 Uncommon trap: reason=unstable_if action=reinterpret pc=0x0000020798593b04 method=java.lang.AbstractStringBuilder.putStringAt(ILjava/lang/String;)V @ 8 c2
Event: 6.153 Thread 0x00000207ac1e8800 DEOPT PACKING pc=0x0000020798593b04 sp=0x000000e9788fedd0
Event: 6.153 Thread 0x00000207ac1e8800 DEOPT UNPACKING pc=0x0000020790ab68af sp=0x000000e9788fecd8 mode 2
Event: 6.153 Thread 0x00000207ac1e8800 Uncommon trap: trap_request=0xffffff4d fr.pc=0x000002079858c55c relative=0x000000000000049c
Event: 6.153 Thread 0x00000207ac1e8800 Uncommon trap: reason=unstable_if action=reinterpret pc=0x000002079858c55c method=java.lang.AbstractStringBuilder.putStringAt(ILjava/lang/String;)V @ 8 c2
Event: 6.153 Thread 0x00000207ac1e8800 DEOPT PACKING pc=0x000002079858c55c sp=0x000000e9788fed60
Event: 6.154 Thread 0x00000207ac1e8800 DEOPT UNPACKING pc=0x0000020790ab68af sp=0x000000e9788fecd0 mode 2
Event: 6.154 Thread 0x00000207ac1e8800 Uncommon trap: trap_request=0xffffff4d fr.pc=0x000002079858cf70 relative=0x00000000000000d0
Event: 6.154 Thread 0x00000207ac1e8800 Uncommon trap: reason=unstable_if action=reinterpret pc=0x000002079858cf70 method=java.lang.String.getBytes([BIB)V @ 5 c2
Event: 6.154 Thread 0x00000207ac1e8800 DEOPT PACKING pc=0x000002079858cf70 sp=0x000000e9788fec80
Event: 6.154 Thread 0x00000207ac1e8800 DEOPT UNPACKING pc=0x0000020790ab68af sp=0x000000e9788fec48 mode 2
Event: 6.154 Thread 0x00000207ac1e8800 Uncommon trap: trap_request=0xffffff4d fr.pc=0x00000207985b36d8 relative=0x0000000000000418
Event: 6.154 Thread 0x00000207ac1e8800 Uncommon trap: reason=unstable_if action=reinterpret pc=0x00000207985b36d8 method=java.lang.AbstractStringBuilder.isLatin1()Z @ 10 c2
Event: 6.154 Thread 0x00000207ac1e8800 DEOPT PACKING pc=0x00000207985b36d8 sp=0x000000e9788fede0
Event: 6.154 Thread 0x00000207ac1e8800 DEOPT UNPACKING pc=0x0000020790ab68af sp=0x000000e9788fed60 mode 2
Event: 13.837 Thread 0x00000207aca75000 Uncommon trap: trap_request=0xffffff4d fr.pc=0x00000207985b5e90 relative=0x0000000000000e50
Event: 13.837 Thread 0x00000207aca75000 Uncommon trap: reason=unstable_if action=reinterpret pc=0x00000207985b5e90 method=java.util.concurrent.ConcurrentHashMap.putVal(Ljava/lang/Object;Ljava/lang/Object;Z)Ljava/lang/Object; @ 97 c2
Event: 13.837 Thread 0x00000207aca75000 DEOPT PACKING pc=0x00000207985b5e90 sp=0x000000e978afdf00
Event: 13.837 Thread 0x00000207aca75000 DEOPT UNPACKING pc=0x0000020790ab68af sp=0x000000e978afde98 mode 2

Classes redefined (0 events):
No events

Internal exceptions (16 events):
Event: 0.482 Thread 0x000002078cf92000 Exception <a 'java/lang/NoSuchMethodError'{0x000000072ec9f930}: 'int java.lang.invoke.DirectMethodHandle$Holder.invokeSpecialIFC(java.lang.Object, java.lang.Object, int)'> (0x000000072ec9f930) thrown at [./src/hotspot/share/interpreter/linkResolver.cpp, line 773]
Event: 0.686 Thread 0x000002078cf92000 Exception <a 'java/lang/NoSuchMethodError'{0x000000072ea24290}: 'int java.lang.invoke.DirectMethodHandle$Holder.invokeStaticInit(java.lang.Object, java.lang.Object)'> (0x000000072ea24290) thrown at [./src/hotspot/share/interpreter/linkResolver.cpp, line 773]
Event: 0.775 Thread 0x000002078cf92000 Exception <a 'java/lang/NoSuchMethodError'{0x000000072eae0290}: 'int java.lang.invoke.DirectMethodHandle$Holder.invokeSpecial(java.lang.Object, java.lang.Object, java.lang.Object, java.lang.Object)'> (0x000000072eae0290) thrown at [./src/hotspot/share/interpreter/linkResolver.cpp, line 773]
Event: 2.005 Thread 0x000002078cf92000 Exception <a 'java/lang/NoClassDefFoundError'{0x000000072dbbf670}: org/slf4j/impl/StaticMarkerBinder> (0x000000072dbbf670) thrown at [./src/hotspot/share/classfile/systemDictionary.cpp, line 220]
Event: 2.036 Thread 0x000002078cf92000 Exception <a 'java/lang/NoSuchMethodError'{0x000000072da57ab0}: 'java.lang.Object java.lang.invoke.DirectMethodHandle$Holder.invokeVirtual(java.lang.Object, java.lang.Object, java.lang.Object, java.lang.Object, java.lang.Object)'> (0x000000072da57ab0) thrown at [./src/hotspot/share/interpreter/linkResolver.cpp, line 773]
Event: 2.426 Thread 0x000002078cf92000 Exception <a 'java/lang/NoSuchMethodError'{0x000000072d650240}: 'java.lang.Object java.lang.invoke.Invokers$Holder.invoker(java.lang.Object, java.lang.Object, java.lang.Object, java.lang.Object, java.lang.Object)'> (0x000000072d650240) thrown at [./src/hotspot/share/interpreter/linkResolver.cpp, line 773]
Event: 2.435 Thread 0x000002078cf92000 Exception <a 'java/lang/NoSuchMethodError'{0x000000072d660fa8}: 'void java.lang.invoke.DelegatingMethodHandle$Holder.delegate(java.lang.Object, java.lang.Object, int, java.lang.Object)'> (0x000000072d660fa8) thrown at [./src/hotspot/share/interpreter/linkResolver.cpp, line 773]
Event: 2.685 Thread 0x000002078cf92000 Exception <a 'java/lang/NoSuchMethodError'{0x000000072eac01b8}: 'java.lang.Object java.lang.invoke.DirectMethodHandle$Holder.invokeStaticInit(java.lang.Object, java.lang.Object, java.lang.Object)'> (0x000000072eac01b8) thrown at [./src/hotspot/share/interpreter/linkResolver.cpp, line 773]
Event: 2.918 Thread 0x000002078cf92000 Exception <a 'java/lang/NoSuchMethodError'{0x000000072e6b9ca0}: 'java.lang.Object java.lang.invoke.DirectMethodHandle$Holder.invokeStaticInit(java.lang.Object, int, int, int, int)'> (0x000000072e6b9ca0) thrown at [./src/hotspot/share/interpreter/linkResolver.cpp, line 773]
Event: 3.784 Thread 0x000002078cf92000 Exception <a 'java/lang/NoSuchMethodError'{0x000000072e545268}: 'java.lang.Object java.lang.invoke.DirectMethodHandle$Holder.invokeStaticInit(java.lang.Object, java.lang.Object, int, int, int, int)'> (0x000000072e545268) thrown at [./src/hotspot/share/interpreter/linkResolver.cpp, line 773]
Event: 6.076 Thread 0x00000207ac1e8800 Exception <a 'java/lang/NoSuchMethodError'{0x000000072e091b38}: 'void java.lang.invoke.DirectMethodHandle$Holder.invokeStatic(java.lang.Object, long)'> (0x000000072e091b38) thrown at [./src/hotspot/share/interpreter/linkResolver.cpp, line 773]
Event: 6.077 Thread 0x00000207ac1e8800 Exception <a 'java/lang/NoSuchMethodError'{0x000000072e096d88}: 'java.lang.Object java.lang.invoke.DirectMethodHandle$Holder.invokeStatic(java.lang.Object, long)'> (0x000000072e096d88) thrown at [./src/hotspot/share/interpreter/linkResolver.cpp, line 773]
Event: 6.083 Thread 0x00000207ac1e8800 Exception <a 'java/lang/NoSuchMethodError'{0x000000072e0a4e28}: 'java.lang.Object java.lang.invoke.DirectMethodHandle$Holder.invokeStaticInit(java.lang.Object, java.lang.Object, long, java.lang.Object)'> (0x000000072e0a4e28) thrown at [./src/hotspot/share/interpreter/linkResolver.cpp, line 773]
Event: 6.085 Thread 0x00000207ac1e8800 Exception <a 'java/lang/NoSuchMethodError'{0x000000072e0aad50}: 'java.lang.Object java.lang.invoke.DirectMethodHandle$Holder.invokeStatic(java.lang.Object, java.lang.Object, long)'> (0x000000072e0aad50) thrown at [./src/hotspot/share/interpreter/linkResolver.cpp, line 773]
Event: 6.086 Thread 0x00000207ac1e8800 Exception <a 'java/lang/NoSuchMethodError'{0x000000072e0b1020}: 'java.lang.Object java.lang.invoke.Invokers$Holder.linkToTargetMethod(java.lang.Object, long, java.lang.Object)'> (0x000000072e0b1020) thrown at [./src/hotspot/share/interpreter/linkResolver.cpp, line 773]
Event: 13.928 Thread 0x000002078cf92000 Exception <a 'java/io/IOException'{0x000000072de84388}: Read failed> (0x000000072de84388) thrown at [./src/hotspot/share/prims/jni.cpp, line 636]

Events (20 events):
Event: 13.931 loading class sun/util/calendar/CalendarSystem
Event: 13.931 loading class sun/util/calendar/CalendarSystem done
Event: 13.931 loading class sun/util/calendar/Gregorian
Event: 13.931 loading class sun/util/calendar/BaseCalendar
Event: 13.931 loading class sun/util/calendar/AbstractCalendar
Event: 13.932 loading class sun/util/calendar/AbstractCalendar done
Event: 13.932 loading class sun/util/calendar/BaseCalendar done
Event: 13.932 loading class sun/util/calendar/Gregorian done
Event: 13.932 loading class org/gradle/launcher/daemon/registry/DaemonStopEvent
Event: 13.932 loading class org/gradle/launcher/daemon/registry/DaemonStopEvent done
Event: 13.933 loading class org/gradle/launcher/daemon/registry/DaemonStopEvent$Serializer
Event: 13.933 loading class org/gradle/launcher/daemon/registry/DaemonStopEvent$Serializer done
Event: 13.934 loading class org/gradle/launcher/daemon/registry/PersistentDaemonRegistry$6
Event: 13.934 loading class org/gradle/launcher/daemon/registry/PersistentDaemonRegistry$6 done
Event: 13.942 loading class org/gradle/launcher/daemon/registry/PersistentDaemonRegistry$4
Event: 13.942 loading class org/gradle/launcher/daemon/registry/PersistentDaemonRegistry$4 done
Event: 13.945 loading class org/gradle/internal/remote/Address
Event: 13.945 loading class org/gradle/internal/remote/Address done
Event: 13.945 loading class org/gradle/internal/remote/Address
Event: 13.945 loading class org/gradle/internal/remote/Address done


Dynamic libraries:
0x00007ff735b80000 - 0x00007ff735b8a000 	C:\Program Files\Android\Android Studio\jre\bin\java.exe
0x00007ff97fe40000 - 0x00007ff980049000 	C:\WINDOWS\SYSTEM32\ntdll.dll
0x00007ff97f040000 - 0x00007ff97f0fd000 	C:\WINDOWS\System32\KERNEL32.DLL
0x00007ff97d630000 - 0x00007ff97d9a4000 	C:\WINDOWS\System32\KERNELBASE.dll
0x00007ff97db90000 - 0x00007ff97dca1000 	C:\WINDOWS\System32\ucrtbase.dll
0x00007ff977c90000 - 0x00007ff977ca9000 	C:\Program Files\Android\Android Studio\jre\bin\jli.dll
0x00007ff97de80000 - 0x00007ff97e02c000 	C:\WINDOWS\System32\USER32.dll
0x00007ff977c50000 - 0x00007ff977c67000 	C:\Program Files\Android\Android Studio\jre\bin\VCRUNTIME140.dll
0x00007ff97dcb0000 - 0x00007ff97dcd6000 	C:\WINDOWS\System32\win32u.dll
0x00007ff97e030000 - 0x00007ff97e059000 	C:\WINDOWS\System32\GDI32.dll
0x00007ff97d9b0000 - 0x00007ff97dac2000 	C:\WINDOWS\System32\gdi32full.dll
0x00007ff97d590000 - 0x00007ff97d62d000 	C:\WINDOWS\System32\msvcp_win.dll
0x00007ff96fd50000 - 0x00007ff96fff5000 	C:\WINDOWS\WinSxS\amd64_microsoft.windows.common-controls_6595b64144ccf1df_6.0.22000.120_none_9d947278b86cc467\COMCTL32.dll
0x00007ff97f8c0000 - 0x00007ff97f963000 	C:\WINDOWS\System32\msvcrt.dll
0x00007ff97fc30000 - 0x00007ff97fc61000 	C:\WINDOWS\System32\IMM32.DLL
0x00007ff954a30000 - 0x00007ff954acd000 	C:\Program Files\Android\Android Studio\jre\bin\msvcp140.dll
0x00007ff8f8a80000 - 0x00007ff8f9555000 	C:\Program Files\Android\Android Studio\jre\bin\server\jvm.dll
0x00007ff97dd70000 - 0x00007ff97de1e000 	C:\WINDOWS\System32\ADVAPI32.dll
0x00007ff97fa60000 - 0x00007ff97fafe000 	C:\WINDOWS\System32\sechost.dll
0x00007ff97fc80000 - 0x00007ff97fda0000 	C:\WINDOWS\System32\RPCRT4.dll
0x00007ff97f8b0000 - 0x00007ff97f8b8000 	C:\WINDOWS\System32\PSAPI.DLL
0x00007ff976bc0000 - 0x00007ff976bc9000 	C:\WINDOWS\SYSTEM32\WSOCK32.dll
0x00007ff976610000 - 0x00007ff976643000 	C:\WINDOWS\SYSTEM32\WINMM.dll
0x00007ff975400000 - 0x00007ff97540a000 	C:\WINDOWS\SYSTEM32\VERSION.dll
0x00007ff97e900000 - 0x00007ff97e96f000 	C:\WINDOWS\System32\WS2_32.dll
0x00007ff97c430000 - 0x00007ff97c448000 	C:\WINDOWS\SYSTEM32\kernel.appcore.dll
0x00007ff96e020000 - 0x00007ff96e031000 	C:\Program Files\Android\Android Studio\jre\bin\verify.dll
0x00007ff970f60000 - 0x00007ff971181000 	C:\WINDOWS\SYSTEM32\DBGHELP.DLL
0x00007ff95d670000 - 0x00007ff95d6a1000 	C:\WINDOWS\SYSTEM32\dbgcore.DLL
0x00007ff97d330000 - 0x00007ff97d3af000 	C:\WINDOWS\System32\bcryptPrimitives.dll
0x00007ff9548a0000 - 0x00007ff9548c9000 	C:\Program Files\Android\Android Studio\jre\bin\java.dll
0x00007ff976bb0000 - 0x00007ff976bbb000 	C:\Program Files\Android\Android Studio\jre\bin\jimage.dll
0x00007ff96d1c0000 - 0x00007ff96d1d8000 	C:\Program Files\Android\Android Studio\jre\bin\zip.dll
0x00007ff97e150000 - 0x00007ff97e8fe000 	C:\WINDOWS\System32\SHELL32.dll
0x00007ff97b4a0000 - 0x00007ff97bd08000 	C:\WINDOWS\SYSTEM32\windows.storage.dll
0x00007ff97ea10000 - 0x00007ff97ed88000 	C:\WINDOWS\System32\combase.dll
0x00007ff97b330000 - 0x00007ff97b496000 	C:\WINDOWS\SYSTEM32\wintypes.dll
0x00007ff97f970000 - 0x00007ff97fa5a000 	C:\WINDOWS\System32\SHCORE.dll
0x00007ff97fda0000 - 0x00007ff97fdfd000 	C:\WINDOWS\System32\shlwapi.dll
0x00007ff97d260000 - 0x00007ff97d281000 	C:\WINDOWS\SYSTEM32\profapi.dll
0x00007ff955960000 - 0x00007ff95597a000 	C:\Program Files\Android\Android Studio\jre\bin\net.dll
0x00007ff975fc0000 - 0x00007ff9760cc000 	C:\WINDOWS\SYSTEM32\WINHTTP.dll
0x00007ff97c860000 - 0x00007ff97c8c7000 	C:\WINDOWS\system32\mswsock.dll
0x00007ff954ad0000 - 0x00007ff954ae4000 	C:\Program Files\Android\Android Studio\jre\bin\nio.dll
0x00007ff96de60000 - 0x00007ff96de86000 	C:\Users\AN515-43\.gradle\native\fdc75f09e3144964f2cf3f50f0aa648679c211496f362492102eb8c894070792\windows-amd64\native-platform.dll
0x00007ff93bbc0000 - 0x00007ff93bd51000 	C:\Users\AN515-43\.gradle\native\12488b8bf47d2d4c9fbf2f6322a914ad602e24e48041cd04a747c6da556b65c4\windows-amd64\native-platform-file-events.dll
0x00007ff96e6d0000 - 0x00007ff96e6da000 	C:\Program Files\Android\Android Studio\jre\bin\management.dll
0x00007ff96e3e0000 - 0x00007ff96e3ed000 	C:\Program Files\Android\Android Studio\jre\bin\management_ext.dll
0x00007ff97caa0000 - 0x00007ff97cab8000 	C:\WINDOWS\SYSTEM32\CRYPTSP.dll
0x00007ff97c390000 - 0x00007ff97c3c5000 	C:\WINDOWS\system32\rsaenh.dll
0x00007ff97c950000 - 0x00007ff97c979000 	C:\WINDOWS\SYSTEM32\USERENV.dll
0x00007ff97cc20000 - 0x00007ff97cc47000 	C:\WINDOWS\SYSTEM32\bcrypt.dll
0x00007ff97cac0000 - 0x00007ff97cacc000 	C:\WINDOWS\SYSTEM32\CRYPTBASE.dll
0x00007ff97bf60000 - 0x00007ff97bf8d000 	C:\WINDOWS\SYSTEM32\IPHLPAPI.DLL
0x00007ff97e060000 - 0x00007ff97e069000 	C:\WINDOWS\System32\NSI.dll
0x00007ff975870000 - 0x00007ff975889000 	C:\WINDOWS\SYSTEM32\dhcpcsvc6.DLL
0x00007ff976f50000 - 0x00007ff976f6e000 	C:\WINDOWS\SYSTEM32\dhcpcsvc.DLL
0x00007ff97bf90000 - 0x00007ff97c077000 	C:\WINDOWS\SYSTEM32\DNSAPI.dll
0x00007ff975860000 - 0x00007ff97586c000 	C:\WINDOWS\SYSTEM32\WINNSI.DLL

dbghelp: loaded successfully - version: 4.0.5 - missing functions: none
symbol engine: initialized successfully - sym options: 0x614 - pdb path: .;C:\Program Files\Android\Android Studio\jre\bin;C:\WINDOWS\SYSTEM32;C:\WINDOWS\WinSxS\amd64_microsoft.windows.common-controls_6595b64144ccf1df_6.0.22000.120_none_9d947278b86cc467;C:\Program Files\Android\Android Studio\jre\bin\server;C:\Users\AN515-43\.gradle\native\fdc75f09e3144964f2cf3f50f0aa648679c211496f362492102eb8c894070792\windows-amd64;C:\Users\AN515-43\.gradle\native\12488b8bf47d2d4c9fbf2f6322a914ad602e24e48041cd04a747c6da556b65c4\windows-amd64

VM Arguments:
jvm_args: -Dorg.gradle.appname=gradlew 
java_command: org.gradle.wrapper.GradleWrapperMain -q -Ptarget-platform=android-x64 -Ptarget=C:\Users\AN515-43\Downloads\app-flutter-hotel-booking-main\lib\main.dart -Pbase-application-name=android.app.Application -Pdart-defines=Zmx1dHRlci5pbnNwZWN0b3Iuc3RydWN0dXJlZEVycm9ycz10cnVl,RkxVVFRFUl9XRUJfQVVUT19ERVRFQ1Q9dHJ1ZQ== -Pdart-obfuscation=false -Ptrack-widget-creation=true -Ptree-shake-icons=false -Pfilesystem-scheme=org-dartlang-root assembleDebug
java_class_path (initial): C:\Users\AN515-43\Downloads\app-flutter-hotel-booking-main\android\\gradle\wrapper\gradle-wrapper.jar
Launcher Type: SUN_STANDARD

[Global flags]
     intx CICompilerCount                          = 4                                         {product} {ergonomic}
     uint ConcGCThreads                            = 2                                         {product} {ergonomic}
     uint G1ConcRefinementThreads                  = 8                                         {product} {ergonomic}
   size_t G1HeapRegionSize                         = 1048576                                   {product} {ergonomic}
    uintx GCDrainStackTargetSize                   = 64                                        {product} {ergonomic}
   size_t InitialHeapSize                          = 234881024                                 {product} {ergonomic}
   size_t MarkStackSize                            = 4194304                                   {product} {ergonomic}
   size_t MaxHeapSize                              = 3743416320                                {product} {ergonomic}
   size_t MaxNewSize                               = 2246049792                                {product} {ergonomic}
   size_t MinHeapDeltaBytes                        = 1048576                                   {product} {ergonomic}
    uintx NonNMethodCodeHeapSize                   = 5836300                                {pd product} {ergonomic}
    uintx NonProfiledCodeHeapSize                  = 122910970                              {pd product} {ergonomic}
    uintx ProfiledCodeHeapSize                     = 122910970                              {pd product} {ergonomic}
    uintx ReservedCodeCacheSize                    = 251658240                              {pd product} {ergonomic}
     bool SegmentedCodeCache                       = true                                      {product} {ergonomic}
     bool UseCompressedClassPointers               = true                                 {lp64_product} {ergonomic}
     bool UseCompressedOops                        = true                                 {lp64_product} {ergonomic}
     bool UseG1GC                                  = true                                      {product} {ergonomic}
     bool UseLargePagesIndividualAllocation        = false                                  {pd product} {ergonomic}

Logging:
Log output configuration:
 #0: stdout all=warning uptime,level,tags
 #1: stderr all=off uptime,level,tags

Environment Variables:
JAVA_HOME=C:\Program Files\Android\Android Studio\jre
CLASSPATH=C:\Users\AN515-43\Downloads\app-flutter-hotel-booking-main\android\\gradle\wrapper\gradle-wrapper.jar
PATH=C:\Program Files\Microsoft\jdk-11.0.12.7-hotspot\bin;C:\Program Files (x86)\Common Files\Oracle\Java\javapath;C:\ProgramData\Oracle\Java\javapath;C:\WINDOWS\system32;C:\WINDOWS;C:\WINDOWS\System32\Wbem;C:\WINDOWS\System32\WindowsPowerShell\v1.0\;C:\WINDOWS\System32\OpenSSH\;C:\MinGW\bin;C:\Program Files\Azure Data Studio\bin;C:\Program Files\Microsoft SQL Server\Client SDK\ODBC\170\Tools\Binn\;C:\Program Files\Microsoft SQL Server\130\Tools\Binn\;C:\Program Files (x86)\Microsoft SQL Server\150\DTS\Binn\;C:\Program Files (x86)\Microsoft SQL Server\150\Tools\Binn\;C:\Program Files\Microsoft SQL Server\150\Tools\Binn\;C:\Program Files\Microsoft SQL Server\150\DTS\Binn\;C:\Program Files\nodejs\;C:\Program Files\Git\cmd;C:\Program Files\dotnet\;C:\WINDOWS\system32;C:\WINDOWS;C:\WINDOWS\System32\Wbem;C:\WINDOWS\System32\WindowsPowerShell\v1.0\;C:\WINDOWS\System32\OpenSSH\;C:\Program Files\Cloudflare\Cloudflare WARP\;C:\Users\AN515-43\OneDrive\Desktop\flutter_sdk\flutter\bin;C:\Users\AN515-43\AppData\Local\Microsoft\WindowsApps;C:\Users\AN515-43\AppData\Local\Programs\Microsoft VS Code\bin;C:\Program Files\Azure Data Studio\bin;C:\Users\AN515-43\.dotnet\tools;C:\Users\AN515-43\AppData\Local\Microsoft\WindowsApps;C:\Users\AN515-43\AppData\Roaming\npm;C:\Users\AN515-43\AppData\Local\GitHubDesktop\bin;C:\Users\AN515-43\.dotnet\tools;;C:\Users\AN515-43\Downloads\flutter_sdk\flutter\bin\mingit\cmd
USERNAME=AN515-43
OS=Windows_NT
PROCESSOR_IDENTIFIER=AMD64 Family 23 Model 24 Stepping 1, AuthenticAMD



---------------  S Y S T E M  ---------------

OS: Windows 10 , 64 bit Build 22000 (10.0.22000.434)
OS uptime: 3 days 23:00 hours

CPU:total 8 (initial active 8) (8 cores per cpu, 2 threads per core) family 23 model 24 stepping 1 microcode 0x0, cmov, cx8, fxsr, mmx, sse, sse2, sse3, ssse3, sse4.1, sse4.2, popcnt, avx, avx2, aes, clmul, mmxext, 3dnowpref, lzcnt, sse4a, ht, tsc, tscinvbit, tscinv, bmi1, bmi2, adx, s

Memory: 4k page, system-wide physical 14274M (664M free)
TotalPageFile size 34355M (AvailPageFile size 0M)
current process WorkingSet (physical memory assigned to process): 98M, peak: 101M
current process commit charge ("private bytes"): 327M, peak: 330M

vm_info: OpenJDK 64-Bit Server VM (11.0.11+9-b60-7590822) for windows-amd64 JRE (11.0.11+9-b60-7590822), built on Jul 29 2021 21:43:44 by "builder" with MS VC++ 14.0 (VS2015)

END.
